<?xml version="1.0" encoding="UTF-8"?>
<testsuite name="ru.basanov.nostromo.NostromoApplicationTests" tests="1" skipped="0" failures="0" errors="0" timestamp="2020-03-10T17:19:17" hostname="iMac-Mingian.local" time="0.063">
  <properties/>
  <testcase name="contextLoads()" classname="ru.basanov.nostromo.NostromoApplicationTests" time="0.063"/>
  <system-out><![CDATA[20:18:59.021 [Test worker] DEBUG org.springframework.test.context.BootstrapUtils - Instantiating CacheAwareContextLoaderDelegate from class [org.springframework.test.context.cache.DefaultCacheAwareContextLoaderDelegate]
20:18:59.032 [Test worker] DEBUG org.springframework.test.context.BootstrapUtils - Instantiating BootstrapContext using constructor [public org.springframework.test.context.support.DefaultBootstrapContext(java.lang.Class,org.springframework.test.context.CacheAwareContextLoaderDelegate)]
20:18:59.056 [Test worker] DEBUG org.springframework.test.context.BootstrapUtils - Instantiating TestContextBootstrapper for test class [ru.basanov.nostromo.NostromoApplicationTests] from class [org.springframework.boot.test.context.SpringBootTestContextBootstrapper]
20:18:59.088 [Test worker] INFO org.springframework.boot.test.context.SpringBootTestContextBootstrapper - Neither @ContextConfiguration nor @ContextHierarchy found for test class [ru.basanov.nostromo.NostromoApplicationTests], using SpringBootContextLoader
20:18:59.091 [Test worker] DEBUG org.springframework.test.context.support.AbstractContextLoader - Did not detect default resource location for test class [ru.basanov.nostromo.NostromoApplicationTests]: class path resource [ru/basanov/nostromo/NostromoApplicationTests-context.xml] does not exist
20:18:59.091 [Test worker] DEBUG org.springframework.test.context.support.AbstractContextLoader - Did not detect default resource location for test class [ru.basanov.nostromo.NostromoApplicationTests]: class path resource [ru/basanov/nostromo/NostromoApplicationTestsContext.groovy] does not exist
20:18:59.091 [Test worker] INFO org.springframework.test.context.support.AbstractContextLoader - Could not detect default resource locations for test class [ru.basanov.nostromo.NostromoApplicationTests]: no resource found for suffixes {-context.xml, Context.groovy}.
20:18:59.092 [Test worker] INFO org.springframework.test.context.support.AnnotationConfigContextLoaderUtils - Could not detect default configuration classes for test class [ru.basanov.nostromo.NostromoApplicationTests]: NostromoApplicationTests does not declare any static, non-private, non-final, nested classes annotated with @Configuration.
20:18:59.143 [Test worker] DEBUG org.springframework.test.context.support.ActiveProfilesUtils - Could not find an 'annotation declaring class' for annotation type [org.springframework.test.context.ActiveProfiles] and class [ru.basanov.nostromo.NostromoApplicationTests]
20:18:59.198 [Test worker] DEBUG org.springframework.context.annotation.ClassPathScanningCandidateComponentProvider - Identified candidate component class: file [/Users/mingianbasanov/IdeaProjects/nostromo/build/classes/java/main/ru/basanov/nostromo/NostromoApplication.class]
20:18:59.199 [Test worker] INFO org.springframework.boot.test.context.SpringBootTestContextBootstrapper - Found @SpringBootConfiguration ru.basanov.nostromo.NostromoApplication for test class ru.basanov.nostromo.NostromoApplicationTests
20:18:59.280 [Test worker] DEBUG org.springframework.boot.test.context.SpringBootTestContextBootstrapper - @TestExecutionListeners is not present for class [ru.basanov.nostromo.NostromoApplicationTests]: using defaults.
20:18:59.281 [Test worker] INFO org.springframework.boot.test.context.SpringBootTestContextBootstrapper - Loaded default TestExecutionListener class names from location [META-INF/spring.factories]: [org.springframework.boot.test.autoconfigure.restdocs.RestDocsTestExecutionListener, org.springframework.boot.test.autoconfigure.web.client.MockRestServiceServerResetTestExecutionListener, org.springframework.boot.test.autoconfigure.web.servlet.MockMvcPrintOnlyOnFailureTestExecutionListener, org.springframework.boot.test.autoconfigure.web.servlet.WebDriverTestExecutionListener, org.springframework.boot.test.mock.mockito.MockitoTestExecutionListener, org.springframework.boot.test.mock.mockito.ResetMocksTestExecutionListener, org.springframework.test.context.web.ServletTestExecutionListener, org.springframework.test.context.support.DirtiesContextBeforeModesTestExecutionListener, org.springframework.test.context.support.DependencyInjectionTestExecutionListener, org.springframework.test.context.support.DirtiesContextTestExecutionListener, org.springframework.test.context.transaction.TransactionalTestExecutionListener, org.springframework.test.context.jdbc.SqlScriptsTestExecutionListener, org.springframework.test.context.event.EventPublishingTestExecutionListener]
20:18:59.297 [Test worker] INFO org.springframework.boot.test.context.SpringBootTestContextBootstrapper - Using TestExecutionListeners: [org.springframework.test.context.web.ServletTestExecutionListener@38dbdfc, org.springframework.test.context.support.DirtiesContextBeforeModesTestExecutionListener@4f924a8b, org.springframework.boot.test.mock.mockito.MockitoTestExecutionListener@15b68740, org.springframework.boot.test.autoconfigure.SpringBootDependencyInjectionTestExecutionListener@5fec414a, org.springframework.test.context.support.DirtiesContextTestExecutionListener@31607516, org.springframework.test.context.transaction.TransactionalTestExecutionListener@6c7bb7a3, org.springframework.test.context.jdbc.SqlScriptsTestExecutionListener@4dd6b1eb, org.springframework.test.context.event.EventPublishingTestExecutionListener@700d4f0a, org.springframework.boot.test.autoconfigure.restdocs.RestDocsTestExecutionListener@42774cd8, org.springframework.boot.test.autoconfigure.web.client.MockRestServiceServerResetTestExecutionListener@73003d9a, org.springframework.boot.test.autoconfigure.web.servlet.MockMvcPrintOnlyOnFailureTestExecutionListener@ba183f8, org.springframework.boot.test.autoconfigure.web.servlet.WebDriverTestExecutionListener@11cef899, org.springframework.boot.test.mock.mockito.ResetMocksTestExecutionListener@69a777f4]
20:18:59.300 [Test worker] DEBUG org.springframework.test.context.support.AbstractDirtiesContextTestExecutionListener - Before test class: context [DefaultTestContext@15410ecf testClass = NostromoApplicationTests, testInstance = [null], testMethod = [null], testException = [null], mergedContextConfiguration = [WebMergedContextConfiguration@2e2f907a testClass = NostromoApplicationTests, locations = '{}', classes = '{class ru.basanov.nostromo.NostromoApplication}', contextInitializerClasses = '[]', activeProfiles = '{}', propertySourceLocations = '{}', propertySourceProperties = '{org.springframework.boot.test.context.SpringBootTestContextBootstrapper=true}', contextCustomizers = set[org.springframework.boot.test.autoconfigure.properties.PropertyMappingContextCustomizer@0, org.springframework.boot.test.autoconfigure.web.servlet.WebDriverContextCustomizerFactory$Customizer@4e032596, org.springframework.boot.test.context.filter.ExcludeFilterContextCustomizer@6d9fe4a5, org.springframework.boot.test.json.DuplicateJsonObjectContextCustomizerFactory$DuplicateJsonObjectContextCustomizer@3f9c95de, org.springframework.boot.test.mock.mockito.MockitoContextCustomizer@0, org.springframework.boot.test.web.client.TestRestTemplateContextCustomizer@32dcb5f4], resourceBasePath = 'src/main/webapp', contextLoader = 'org.springframework.boot.test.context.SpringBootContextLoader', parent = [null]], attributes = map['org.springframework.test.context.web.ServletTestExecutionListener.activateListener' -> true]], class annotated with @DirtiesContext [false] with mode [null].
20:18:59.322 [Test worker] DEBUG org.springframework.test.context.support.TestPropertySourceUtils - Adding inlined properties to environment: {spring.jmx.enabled=false, org.springframework.boot.test.context.SpringBootTestContextBootstrapper=true, server.port=-1}

  .   ____          _            __ _ _
 /\\ / ___'_ __ _ _(_)_ __  __ _ \ \ \ \
( ( )\___ | '_ | '_| | '_ \/ _` | \ \ \ \
 \\/  ___)| |_)| | | | | || (_| |  ) ) ) )
  '  |____| .__|_| |_|_| |_\__, | / / / /
 =========|_|==============|___/=/_/_/_/
 :: Spring Boot ::        (v2.2.5.RELEASE)

2020-03-10 20:19:09.545  WARN 2711 --- [    Test worker] o.s.boot.StartupInfoLogger               : InetAddress.getLocalHost().getHostName() took 5005 milliseconds to respond. Please verify your network configuration (macOS machines may need to add entries to /etc/hosts).
2020-03-10 20:19:14.549  INFO 2711 --- [    Test worker] r.b.nostromo.NostromoApplicationTests    : Starting NostromoApplicationTests on iMac-Mingian.local with PID 2711 (started by mingianbasanov in /Users/mingianbasanov/IdeaProjects/nostromo)
2020-03-10 20:19:14.550  INFO 2711 --- [    Test worker] r.b.nostromo.NostromoApplicationTests    : No active profile set, falling back to default profiles: default
2020-03-10 20:19:15.024  INFO 2711 --- [    Test worker] .s.d.r.c.RepositoryConfigurationDelegate : Bootstrapping Spring Data JPA repositories in DEFAULT mode.
2020-03-10 20:19:15.077  INFO 2711 --- [    Test worker] .s.d.r.c.RepositoryConfigurationDelegate : Finished Spring Data repository scanning in 44ms. Found 1 JPA repository interfaces.
2020-03-10 20:19:15.528  INFO 2711 --- [    Test worker] com.zaxxer.hikari.HikariDataSource       : HikariPool-1 - Starting...
2020-03-10 20:19:15.744  INFO 2711 --- [    Test worker] com.zaxxer.hikari.HikariDataSource       : HikariPool-1 - Start completed.
2020-03-10 20:19:15.801  INFO 2711 --- [    Test worker] o.hibernate.jpa.internal.util.LogHelper  : HHH000204: Processing PersistenceUnitInfo [name: default]
2020-03-10 20:19:15.860  INFO 2711 --- [    Test worker] org.hibernate.Version                    : HHH000412: Hibernate ORM core version 5.4.12.Final
2020-03-10 20:19:15.982  INFO 2711 --- [    Test worker] o.hibernate.annotations.common.Version   : HCANN000001: Hibernate Commons Annotations {5.1.0.Final}
2020-03-10 20:19:16.094  INFO 2711 --- [    Test worker] org.hibernate.dialect.Dialect            : HHH000400: Using dialect: org.hibernate.dialect.H2Dialect
2020-03-10 20:19:16.700  INFO 2711 --- [    Test worker] o.h.e.t.j.p.i.JtaPlatformInitiator       : HHH000490: Using JtaPlatform implementation: [org.hibernate.engine.transaction.jta.platform.internal.NoJtaPlatform]
2020-03-10 20:19:16.707  INFO 2711 --- [    Test worker] j.LocalContainerEntityManagerFactoryBean : Initialized JPA EntityManagerFactory for persistence unit 'default'
2020-03-10 20:19:17.153  WARN 2711 --- [    Test worker] JpaBaseConfiguration$JpaWebConfiguration : spring.jpa.open-in-view is enabled by default. Therefore, database queries may be performed during view rendering. Explicitly configure spring.jpa.open-in-view to disable this warning
2020-03-10 20:19:17.420  INFO 2711 --- [    Test worker] o.s.s.concurrent.ThreadPoolTaskExecutor  : Initializing ExecutorService 'applicationTaskExecutor'
2020-03-10 20:19:17.700  INFO 2711 --- [    Test worker] r.b.nostromo.NostromoApplicationTests    : Started NostromoApplicationTests in 18.37 seconds (JVM running for 19.839)
2020-03-10 20:19:17.701  INFO 2711 --- [    Test worker] r.b.n.config.NostromoConfiguration       : Start load data
2020-03-10 20:19:17.744  INFO 2711 --- [    Test worker] r.b.n.config.NostromoConfiguration       : Data=Rover(id=1, name=Rover_1, model=888)
2020-03-10 20:19:17.745  INFO 2711 --- [    Test worker] r.b.n.config.NostromoConfiguration       : Data=Rover(id=2, name=Rover_2, model=888)
2020-03-10 20:19:17.746  INFO 2711 --- [    Test worker] r.b.n.config.NostromoConfiguration       : Data=Rover(id=3, name=Rover_3, model=889)
2020-03-10 20:19:17.747  INFO 2711 --- [    Test worker] r.b.n.config.NostromoConfiguration       : Data wad loaded
]]></system-out>
  <system-err><![CDATA[]]></system-err>
</testsuite>
